c:\users\admin\source\repos\forms\forms\debug\vc141.pdb
c:\users\admin\source\repos\forms\forms\debug\.netframework,version=v4.6.1.assemblyattributes.obj
c:\users\admin\source\repos\forms\forms\debug\.netframework,version=v4.6.1.assemblyattributes.asm
c:\users\admin\source\repos\forms\forms\debug\forms.form1.resources
c:\users\admin\source\repos\forms\forms\debug\forms.scanarea.resources
c:\users\admin\source\repos\forms\forms\debug\forms.updateform.resources
c:\users\admin\source\repos\forms\forms\debug\resource.res
c:\users\admin\source\repos\forms\forms\debug\forms.vcxproj.generateresource.cache
c:\users\admin\source\repos\forms\forms\debug\forms.vcxprojresolveassemblyreference.cache
c:\users\admin\source\repos\forms\forms\debug\controls.obj
c:\users\admin\source\repos\forms\forms\debug\easybmp.obj
c:\users\admin\source\repos\forms\forms\debug\form1.obj
c:\users\admin\source\repos\forms\forms\debug\helper.obj
c:\users\admin\source\repos\forms\forms\debug\scanarea.obj
c:\users\admin\source\repos\forms\forms\debug\stdafx.obj
c:\users\admin\source\repos\forms\forms\debug\updateform.obj
c:\users\admin\source\repos\forms\debug\eggobot.pdb
c:\users\admin\source\repos\forms\forms\debug\eggobot.tlog\cl.command.1.tlog
c:\users\admin\source\repos\forms\forms\debug\eggobot.tlog\cl.read.1.tlog
c:\users\admin\source\repos\forms\forms\debug\eggobot.tlog\cl.write.1.tlog
c:\users\admin\source\repos\forms\forms\debug\eggobot.tlog\eggobot.write.1u.tlog
c:\users\admin\source\repos\forms\forms\debug\eggobot.tlog\link.15532-cvtres.read.1.tlog
c:\users\admin\source\repos\forms\forms\debug\eggobot.tlog\link.15532-cvtres.write.1.tlog
c:\users\admin\source\repos\forms\forms\debug\eggobot.tlog\link.15532-mt.read.1.tlog
c:\users\admin\source\repos\forms\forms\debug\eggobot.tlog\link.15532-mt.write.1.tlog
c:\users\admin\source\repos\forms\forms\debug\eggobot.tlog\link.15532-rc.read.1.tlog
c:\users\admin\source\repos\forms\forms\debug\eggobot.tlog\link.15532-rc.write.1.tlog
c:\users\admin\source\repos\forms\forms\debug\eggobot.tlog\link.15532.read.1.tlog
c:\users\admin\source\repos\forms\forms\debug\eggobot.tlog\link.15532.write.1.tlog
c:\users\admin\source\repos\forms\forms\debug\eggobot.tlog\link.7740-cvtres.read.1.tlog
c:\users\admin\source\repos\forms\forms\debug\eggobot.tlog\link.7740-cvtres.write.1.tlog
c:\users\admin\source\repos\forms\forms\debug\eggobot.tlog\link.7740-mt.read.1.tlog
c:\users\admin\source\repos\forms\forms\debug\eggobot.tlog\link.7740-mt.write.1.tlog
c:\users\admin\source\repos\forms\forms\debug\eggobot.tlog\link.7740-rc.read.1.tlog
c:\users\admin\source\repos\forms\forms\debug\eggobot.tlog\link.7740-rc.write.1.tlog
c:\users\admin\source\repos\forms\forms\debug\eggobot.tlog\link.7740.read.1.tlog
c:\users\admin\source\repos\forms\forms\debug\eggobot.tlog\link.7740.write.1.tlog
c:\users\admin\source\repos\forms\forms\debug\eggobot.tlog\link.command.1.tlog
c:\users\admin\source\repos\forms\forms\debug\eggobot.tlog\link.read.1.tlog
c:\users\admin\source\repos\forms\forms\debug\eggobot.tlog\link.write.1.tlog
c:\users\admin\source\repos\forms\forms\debug\eggobot.tlog\metagen.read.1.tlog
c:\users\admin\source\repos\forms\forms\debug\eggobot.tlog\metagen.write.1.tlog
c:\users\admin\source\repos\forms\forms\debug\eggobot.tlog\rc.command.1.tlog
c:\users\admin\source\repos\forms\forms\debug\eggobot.tlog\rc.read.1.tlog
c:\users\admin\source\repos\forms\forms\debug\eggobot.tlog\rc.write.1.tlog
c:\users\admin\source\repos\forms\forms\debug\eggobot.tlog\tzres.dll.bi
