c:\users\admin\source\repos\forms\forms\release\vc141.pdb
c:\users\admin\source\repos\forms\forms\release\updateform.obj
c:\users\admin\source\repos\forms\forms\release\stdafx.obj
c:\users\admin\source\repos\forms\forms\release\scanarea.obj
c:\users\admin\source\repos\forms\forms\release\helper.obj
c:\users\admin\source\repos\forms\forms\release\form1.obj
c:\users\admin\source\repos\forms\forms\release\easybmp.obj
c:\users\admin\source\repos\forms\forms\release\controls.obj
c:\users\admin\source\repos\forms\forms\release\.netframework,version=v4.6.1.assemblyattributes.obj
c:\users\admin\source\repos\forms\forms\release\.netframework,version=v4.6.1.assemblyattributes.asm
c:\users\admin\source\repos\forms\forms\release\forms.form1.resources
c:\users\admin\source\repos\forms\forms\release\forms.scanarea.resources
c:\users\admin\source\repos\forms\forms\release\forms.updateform.resources
c:\users\admin\source\repos\forms\release\eggobot.exe
c:\users\admin\source\repos\forms\release\eggobot.pdb
c:\users\admin\source\repos\forms\forms\release\resource.res
c:\users\admin\source\repos\forms\forms\release\forms.vcxproj.generateresource.cache
c:\users\admin\source\repos\forms\forms\release\eggobot.tlog\cl.command.1.tlog
c:\users\admin\source\repos\forms\forms\release\eggobot.tlog\cl.read.1.tlog
c:\users\admin\source\repos\forms\forms\release\eggobot.tlog\cl.write.1.tlog
c:\users\admin\source\repos\forms\forms\release\eggobot.tlog\eggobot.write.1u.tlog
c:\users\admin\source\repos\forms\forms\release\eggobot.tlog\link.command.1.tlog
c:\users\admin\source\repos\forms\forms\release\eggobot.tlog\link.read.1.tlog
c:\users\admin\source\repos\forms\forms\release\eggobot.tlog\link.write.1.tlog
c:\users\admin\source\repos\forms\forms\release\eggobot.tlog\metagen.read.1.tlog
c:\users\admin\source\repos\forms\forms\release\eggobot.tlog\metagen.write.1.tlog
c:\users\admin\source\repos\forms\forms\release\eggobot.tlog\rc.command.1.tlog
c:\users\admin\source\repos\forms\forms\release\eggobot.tlog\rc.read.1.tlog
c:\users\admin\source\repos\forms\forms\release\eggobot.tlog\rc.write.1.tlog
c:\users\admin\source\repos\forms\forms\release\eggobot.tlog\tzres.dll.bi
